{"C:\\Users\\Przemek\\Documents\\Source\\trifinity\\user-service\\src\\dal\\entities\\externalLoginEntity.ts": {"path":"C:\\Users\\Przemek\\Documents\\Source\\trifinity\\user-service\\src\\dal\\entities\\externalLoginEntity.ts","statementMap":{"0":{"start":{"line":1,"column":0},"end":{"line":1,"column":91}},"1":{"start":{"line":3,"column":0},"end":{"line":3,"column":42}},"2":{"start":{"line":5,"column":0},"end":{"line":5,"column":null}},"3":{"start":{"line":6,"column":4},"end":{"line":6,"column":null}},"4":{"start":{"line":7,"column":4},"end":{"line":7,"column":null}},"5":{"start":{"line":11,"column":0},"end":{"line":35,"column":null}},"6":{"start":{"line":13,"column":8},"end":{"line":13,"column":16}},"7":{"start":{"line":14,"column":8},"end":{"line":14,"column":29}},"8":{"start":{"line":15,"column":8},"end":{"line":15,"column":45}},"9":{"start":{"line":16,"column":8},"end":{"line":16,"column":27}},"10":{"start":{"line":17,"column":8},"end":{"line":17,"column":33}},"11":{"start":{"line":21,"column":4},"end":{"line":21,"column":null}},"12":{"start":{"line":24,"column":4},"end":{"line":24,"column":null}},"13":{"start":{"line":27,"column":4},"end":{"line":27,"column":null}},"14":{"start":{"line":31,"column":4},"end":{"line":31,"column":null}},"15":{"start":{"line":29,"column":21},"end":{"line":29,"column":31}},"16":{"start":{"line":34,"column":4},"end":{"line":34,"column":null}},"17":{"start":{"line":11,"column":13},"end":{"line":35,"column":null}},"18":{"start":{"line":11,"column":13},"end":{"line":11,"column":32}}},"fnMap":{"0":{"name":"(anonymous_2)","decl":{"start":{"line":5,"column":0},"end":{"line":5,"column":12}},"loc":{"start":{"line":5,"column":33},"end":{"line":8,"column":1}}},"1":{"name":"(anonymous_3)","decl":{"start":{"line":12,"column":4},"end":{"line":12,"column":16}},"loc":{"start":{"line":12,"column":102},"end":{"line":18,"column":5}}},"2":{"name":"(anonymous_4)","decl":{"start":{"line":29,"column":15},"end":{"line":29,"column":18}},"loc":{"start":{"line":29,"column":21},"end":{"line":29,"column":31}}}},"branchMap":{"0":{"loc":{"start":{"line":5,"column":12},"end":{"line":5,"column":33}},"type":"binary-expr","locations":[{"start":{"line":5,"column":12},"end":{"line":5,"column":33}},{"start":{"line":5,"column":12},"end":{"line":5,"column":null}}]}},"s":{"0":1,"1":1,"2":1,"3":1,"4":1,"5":1,"6":0,"7":0,"8":0,"9":0,"10":0,"11":1,"12":1,"13":1,"14":1,"15":0,"16":1,"17":1,"18":1},"f":{"0":1,"1":0,"2":0},"b":{"0":[1,1]}}
,"C:\\Users\\Przemek\\Documents\\Source\\trifinity\\user-service\\src\\dal\\entities\\userEntity.ts": {"path":"C:\\Users\\Przemek\\Documents\\Source\\trifinity\\user-service\\src\\dal\\entities\\userEntity.ts","statementMap":{"0":{"start":{"line":1,"column":0},"end":{"line":1,"column":78}},"1":{"start":{"line":4,"column":0},"end":{"line":15,"column":null}},"2":{"start":{"line":6,"column":8},"end":{"line":6,"column":16}},"3":{"start":{"line":7,"column":8},"end":{"line":7,"column":21}},"4":{"start":{"line":11,"column":4},"end":{"line":11,"column":null}},"5":{"start":{"line":14,"column":4},"end":{"line":14,"column":null}},"6":{"start":{"line":4,"column":13},"end":{"line":15,"column":null}},"7":{"start":{"line":4,"column":13},"end":{"line":4,"column":23}}},"fnMap":{"0":{"name":"(anonymous_2)","decl":{"start":{"line":5,"column":4},"end":{"line":5,"column":16}},"loc":{"start":{"line":5,"column":26},"end":{"line":8,"column":5}}}},"branchMap":{},"s":{"0":1,"1":1,"2":0,"3":0,"4":1,"5":1,"6":1,"7":1},"f":{"0":0},"b":{}}
,"C:\\Users\\Przemek\\Documents\\Source\\trifinity\\user-service\\src\\services\\externalUserJwtService.ts": {"path":"C:\\Users\\Przemek\\Documents\\Source\\trifinity\\user-service\\src\\services\\externalUserJwtService.ts","statementMap":{"0":{"start":{"line":1,"column":0},"end":{"line":1,"column":31}},"1":{"start":{"line":2,"column":0},"end":{"line":2,"column":37}},"2":{"start":{"line":3,"column":0},"end":{"line":3,"column":28}},"3":{"start":{"line":5,"column":0},"end":{"line":5,"column":38}},"4":{"start":{"line":20,"column":0},"end":{"line":57,"column":null}},"5":{"start":{"line":24,"column":8},"end":{"line":24,"column":48}},"6":{"start":{"line":25,"column":8},"end":{"line":27,"column":null}},"7":{"start":{"line":26,"column":12},"end":{"line":26,"column":60}},"8":{"start":{"line":28,"column":8},"end":{"line":28,"column":57}},"9":{"start":{"line":29,"column":8},"end":{"line":31,"column":null}},"10":{"start":{"line":30,"column":12},"end":{"line":30,"column":81}},"11":{"start":{"line":35,"column":27},"end":{"line":42,"column":41}},"12":{"start":{"line":43,"column":8},"end":{"line":43,"column":57}},"13":{"start":{"line":47,"column":21},"end":{"line":47,"column":90}},"14":{"start":{"line":48,"column":8},"end":{"line":50,"column":null}},"15":{"start":{"line":49,"column":12},"end":{"line":49,"column":51}},"16":{"start":{"line":51,"column":8},"end":{"line":53,"column":null}},"17":{"start":{"line":52,"column":12},"end":{"line":52,"column":46}},"18":{"start":{"line":55,"column":8},"end":{"line":55,"column":20}},"19":{"start":{"line":20,"column":13},"end":{"line":57,"column":null}},"20":{"start":{"line":20,"column":13},"end":{"line":20,"column":35}}},"fnMap":{"0":{"name":"(anonymous_3)","decl":{"start":{"line":23,"column":4},"end":{"line":23,"column":16}},"loc":{"start":{"line":23,"column":24},"end":{"line":32,"column":5}}},"1":{"name":"(anonymous_4)","decl":{"start":{"line":34,"column":11},"end":{"line":34,"column":21}},"loc":{"start":{"line":34,"column":73},"end":{"line":44,"column":5}}},"2":{"name":"(anonymous_5)","decl":{"start":{"line":46,"column":11},"end":{"line":46,"column":22}},"loc":{"start":{"line":46,"column":36},"end":{"line":56,"column":5}}}},"branchMap":{"0":{"loc":{"start":{"line":25,"column":8},"end":{"line":27,"column":null}},"type":"if","locations":[{"start":{"line":25,"column":8},"end":{"line":27,"column":null}},{"start":{"line":25,"column":8},"end":{"line":27,"column":null}}]},"1":{"loc":{"start":{"line":29,"column":8},"end":{"line":31,"column":null}},"type":"if","locations":[{"start":{"line":29,"column":8},"end":{"line":31,"column":null}},{"start":{"line":29,"column":8},"end":{"line":31,"column":null}}]},"2":{"loc":{"start":{"line":48,"column":8},"end":{"line":50,"column":null}},"type":"if","locations":[{"start":{"line":48,"column":8},"end":{"line":50,"column":null}},{"start":{"line":48,"column":8},"end":{"line":50,"column":null}}]},"3":{"loc":{"start":{"line":51,"column":8},"end":{"line":53,"column":null}},"type":"if","locations":[{"start":{"line":51,"column":8},"end":{"line":53,"column":null}},{"start":{"line":51,"column":8},"end":{"line":53,"column":null}}]}},"s":{"0":1,"1":1,"2":1,"3":1,"4":1,"5":5,"6":5,"7":0,"8":5,"9":5,"10":0,"11":1,"12":1,"13":4,"14":3,"15":1,"16":2,"17":2,"18":0,"19":1,"20":1},"f":{"0":5,"1":1,"2":4},"b":{"0":[0,5],"1":[0,5],"2":[1,2],"3":[2,0]}}
,"C:\\Users\\Przemek\\Documents\\Source\\trifinity\\user-service\\src\\utils\\guardClauses.ts": {"path":"C:\\Users\\Przemek\\Documents\\Source\\trifinity\\user-service\\src\\utils\\guardClauses.ts","statementMap":{"0":{"start":{"line":1,"column":0},"end":{"line":1,"column":41}},"1":{"start":{"line":4,"column":4},"end":{"line":6,"column":null}},"2":{"start":{"line":5,"column":8},"end":{"line":5,"column":55}},"3":{"start":{"line":3,"column":0},"end":{"line":3,"column":16}}},"fnMap":{"0":{"name":"guardNotUndefinedOrNull","decl":{"start":{"line":3,"column":16},"end":{"line":3,"column":39}},"loc":{"start":{"line":3,"column":50},"end":{"line":7,"column":1}}}},"branchMap":{"0":{"loc":{"start":{"line":4,"column":4},"end":{"line":6,"column":null}},"type":"if","locations":[{"start":{"line":4,"column":4},"end":{"line":6,"column":null}},{"start":{"line":4,"column":4},"end":{"line":6,"column":null}}]}},"s":{"0":1,"1":3,"2":2,"3":1},"f":{"0":3},"b":{"0":[2,1]}}
,"C:\\Users\\Przemek\\Documents\\Source\\trifinity\\user-service\\src\\utils\\timeSpan.ts": {"path":"C:\\Users\\Przemek\\Documents\\Source\\trifinity\\user-service\\src\\utils\\timeSpan.ts","statementMap":{"0":{"start":{"line":2,"column":32},"end":{"line":2,"column":48}},"1":{"start":{"line":5,"column":8},"end":{"line":5,"column":32}},"2":{"start":{"line":6,"column":8},"end":{"line":6,"column":37}},"3":{"start":{"line":10,"column":8},"end":{"line":10,"column":32}},"4":{"start":{"line":11,"column":8},"end":{"line":11,"column":42}},"5":{"start":{"line":15,"column":8},"end":{"line":15,"column":30}},"6":{"start":{"line":16,"column":8},"end":{"line":16,"column":45}},"7":{"start":{"line":20,"column":8},"end":{"line":20,"column":29}},"8":{"start":{"line":24,"column":8},"end":{"line":26,"column":null}},"9":{"start":{"line":25,"column":12},"end":{"line":25,"column":87}},"10":{"start":{"line":1,"column":0},"end":{"line":1,"column":13}}},"fnMap":{"0":{"name":"(anonymous_0)","decl":{"start":{"line":2,"column":4},"end":{"line":2,"column":32}},"loc":{"start":{"line":2,"column":48},"end":{"line":2,"column":52}}},"1":{"name":"(anonymous_1)","decl":{"start":{"line":4,"column":11},"end":{"line":4,"column":17}},"loc":{"start":{"line":4,"column":45},"end":{"line":7,"column":5}}},"2":{"name":"(anonymous_2)","decl":{"start":{"line":9,"column":11},"end":{"line":9,"column":17}},"loc":{"start":{"line":9,"column":45},"end":{"line":12,"column":5}}},"3":{"name":"(anonymous_3)","decl":{"start":{"line":14,"column":11},"end":{"line":14,"column":17}},"loc":{"start":{"line":14,"column":41},"end":{"line":17,"column":5}}},"4":{"name":"(anonymous_4)","decl":{"start":{"line":19,"column":4},"end":{"line":19,"column":15}},"loc":{"start":{"line":19,"column":22},"end":{"line":21,"column":5}}},"5":{"name":"(anonymous_5)","decl":{"start":{"line":23,"column":12},"end":{"line":23,"column":18}},"loc":{"start":{"line":23,"column":37},"end":{"line":27,"column":5}}}},"branchMap":{"0":{"loc":{"start":{"line":24,"column":8},"end":{"line":26,"column":null}},"type":"if","locations":[{"start":{"line":24,"column":8},"end":{"line":26,"column":null}},{"start":{"line":24,"column":8},"end":{"line":26,"column":null}}]},"1":{"loc":{"start":{"line":24,"column":12},"end":{"line":24,"column":17}},"type":"binary-expr","locations":[{"start":{"line":24,"column":12},"end":{"line":24,"column":17}},{"start":{"line":24,"column":21},"end":{"line":24,"column":30}}]}},"s":{"0":3,"1":6,"2":1,"3":6,"4":1,"5":6,"6":1,"7":3,"8":18,"9":15,"10":1},"f":{"0":3,"1":6,"2":6,"3":6,"4":3,"5":18},"b":{"0":[15,3],"1":[18,6]}}
,"C:\\Users\\Przemek\\Documents\\Source\\trifinity\\user-service\\src\\utils\\config\\env.ts": {"path":"C:\\Users\\Przemek\\Documents\\Source\\trifinity\\user-service\\src\\utils\\config\\env.ts","statementMap":{"0":{"start":{"line":1,"column":0},"end":{"line":1,"column":28}},"1":{"start":{"line":2,"column":0},"end":{"line":2,"column":37}},"2":{"start":{"line":8,"column":0},"end":{"line":118,"column":null}},"3":{"start":{"line":10,"column":23},"end":{"line":10,"column":55}},"4":{"start":{"line":11,"column":8},"end":{"line":13,"column":null}},"5":{"start":{"line":12,"column":12},"end":{"line":12,"column":70}},"6":{"start":{"line":14,"column":22},"end":{"line":14,"column":34}},"7":{"start":{"line":15,"column":8},"end":{"line":17,"column":null}},"8":{"start":{"line":16,"column":12},"end":{"line":16,"column":36}},"9":{"start":{"line":18,"column":8},"end":{"line":18,"column":39}},"10":{"start":{"line":22,"column":8},"end":{"line":22,"column":55}},"11":{"start":{"line":26,"column":8},"end":{"line":26,"column":52}},"12":{"start":{"line":30,"column":8},"end":{"line":30,"column":62}},"13":{"start":{"line":34,"column":8},"end":{"line":34,"column":36}},"14":{"start":{"line":38,"column":8},"end":{"line":38,"column":54}},"15":{"start":{"line":42,"column":21},"end":{"line":42,"column":37}},"16":{"start":{"line":43,"column":8},"end":{"line":45,"column":null}},"17":{"start":{"line":44,"column":12},"end":{"line":44,"column":25}},"18":{"start":{"line":46,"column":8},"end":{"line":46,"column":45}},"19":{"start":{"line":50,"column":8},"end":{"line":50,"column":40}},"20":{"start":{"line":54,"column":8},"end":{"line":54,"column":46}},"21":{"start":{"line":58,"column":8},"end":{"line":58,"column":38}},"22":{"start":{"line":62,"column":8},"end":{"line":62,"column":63}},"23":{"start":{"line":66,"column":8},"end":{"line":66,"column":43}},"24":{"start":{"line":70,"column":8},"end":{"line":70,"column":46}},"25":{"start":{"line":74,"column":8},"end":{"line":74,"column":48}},"26":{"start":{"line":78,"column":8},"end":{"line":78,"column":38}},"27":{"start":{"line":82,"column":8},"end":{"line":87,"column":10}},"28":{"start":{"line":91,"column":49},"end":{"line":91,"column":51}},"29":{"start":{"line":92,"column":8},"end":{"line":98,"column":null}},"30":{"start":{"line":93,"column":12},"end":{"line":97,"column":15}},"31":{"start":{"line":100,"column":8},"end":{"line":106,"column":null}},"32":{"start":{"line":101,"column":12},"end":{"line":105,"column":15}},"33":{"start":{"line":108,"column":8},"end":{"line":114,"column":null}},"34":{"start":{"line":109,"column":12},"end":{"line":113,"column":15}},"35":{"start":{"line":116,"column":8},"end":{"line":116,"column":22}},"36":{"start":{"line":8,"column":21},"end":{"line":118,"column":null}},"37":{"start":{"line":8,"column":21},"end":{"line":8,"column":null}}},"fnMap":{"0":{"name":"(anonymous_2)","decl":{"start":{"line":9,"column":11},"end":{"line":9,"column":15}},"loc":{"start":{"line":9,"column":31},"end":{"line":19,"column":5}}},"1":{"name":"(anonymous_3)","decl":{"start":{"line":21,"column":4},"end":{"line":21,"column":15}},"loc":{"start":{"line":21,"column":26},"end":{"line":23,"column":5}}},"2":{"name":"(anonymous_4)","decl":{"start":{"line":25,"column":4},"end":{"line":25,"column":15}},"loc":{"start":{"line":25,"column":29},"end":{"line":27,"column":5}}},"3":{"name":"(anonymous_5)","decl":{"start":{"line":29,"column":4},"end":{"line":29,"column":15}},"loc":{"start":{"line":29,"column":24},"end":{"line":31,"column":5}}},"4":{"name":"(anonymous_6)","decl":{"start":{"line":33,"column":4},"end":{"line":33,"column":15}},"loc":{"start":{"line":33,"column":26},"end":{"line":35,"column":5}}},"5":{"name":"(anonymous_7)","decl":{"start":{"line":37,"column":11},"end":{"line":37,"column":16}},"loc":{"start":{"line":37,"column":16},"end":{"line":39,"column":5}}},"6":{"name":"(anonymous_8)","decl":{"start":{"line":41,"column":11},"end":{"line":41,"column":24}},"loc":{"start":{"line":41,"column":24},"end":{"line":47,"column":5}}},"7":{"name":"(anonymous_9)","decl":{"start":{"line":49,"column":4},"end":{"line":49,"column":15}},"loc":{"start":{"line":49,"column":19},"end":{"line":51,"column":5}}},"8":{"name":"(anonymous_10)","decl":{"start":{"line":53,"column":4},"end":{"line":53,"column":15}},"loc":{"start":{"line":53,"column":32},"end":{"line":55,"column":5}}},"9":{"name":"(anonymous_11)","decl":{"start":{"line":57,"column":4},"end":{"line":57,"column":15}},"loc":{"start":{"line":57,"column":24},"end":{"line":59,"column":5}}},"10":{"name":"(anonymous_12)","decl":{"start":{"line":61,"column":4},"end":{"line":61,"column":15}},"loc":{"start":{"line":61,"column":30},"end":{"line":63,"column":5}}},"11":{"name":"(anonymous_13)","decl":{"start":{"line":65,"column":4},"end":{"line":65,"column":15}},"loc":{"start":{"line":65,"column":28},"end":{"line":67,"column":5}}},"12":{"name":"(anonymous_14)","decl":{"start":{"line":69,"column":4},"end":{"line":69,"column":15}},"loc":{"start":{"line":69,"column":31},"end":{"line":71,"column":5}}},"13":{"name":"(anonymous_15)","decl":{"start":{"line":73,"column":4},"end":{"line":73,"column":15}},"loc":{"start":{"line":73,"column":33},"end":{"line":75,"column":5}}},"14":{"name":"(anonymous_16)","decl":{"start":{"line":77,"column":4},"end":{"line":77,"column":15}},"loc":{"start":{"line":77,"column":24},"end":{"line":79,"column":5}}},"15":{"name":"(anonymous_17)","decl":{"start":{"line":81,"column":4},"end":{"line":81,"column":15}},"loc":{"start":{"line":81,"column":28},"end":{"line":88,"column":5}}},"16":{"name":"(anonymous_18)","decl":{"start":{"line":90,"column":11},"end":{"line":90,"column":19}},"loc":{"start":{"line":90,"column":19},"end":{"line":117,"column":5}}}},"branchMap":{"0":{"loc":{"start":{"line":11,"column":8},"end":{"line":13,"column":null}},"type":"if","locations":[{"start":{"line":11,"column":8},"end":{"line":13,"column":null}},{"start":{"line":11,"column":8},"end":{"line":13,"column":null}}]},"1":{"loc":{"start":{"line":15,"column":8},"end":{"line":17,"column":null}},"type":"if","locations":[{"start":{"line":15,"column":8},"end":{"line":17,"column":null}},{"start":{"line":15,"column":8},"end":{"line":17,"column":null}}]},"2":{"loc":{"start":{"line":30,"column":15},"end":{"line":30,"column":37}},"type":"binary-expr","locations":[{"start":{"line":30,"column":15},"end":{"line":30,"column":37}},{"start":{"line":30,"column":41},"end":{"line":30,"column":61}}]},"3":{"loc":{"start":{"line":43,"column":8},"end":{"line":45,"column":null}},"type":"if","locations":[{"start":{"line":43,"column":8},"end":{"line":45,"column":null}},{"start":{"line":43,"column":8},"end":{"line":45,"column":null}}]},"4":{"loc":{"start":{"line":50,"column":15},"end":{"line":50,"column":31}},"type":"binary-expr","locations":[{"start":{"line":50,"column":15},"end":{"line":50,"column":31}},{"start":{"line":50,"column":35},"end":{"line":50,"column":39}}]},"5":{"loc":{"start":{"line":62,"column":22},"end":{"line":62,"column":55}},"type":"binary-expr","locations":[{"start":{"line":62,"column":22},"end":{"line":62,"column":55}},{"start":{"line":62,"column":59},"end":{"line":62,"column":61}}]},"6":{"loc":{"start":{"line":83,"column":18},"end":{"line":83,"column":49}},"type":"binary-expr","locations":[{"start":{"line":83,"column":18},"end":{"line":83,"column":49}},{"start":{"line":83,"column":53},"end":{"line":83,"column":64}}]},"7":{"loc":{"start":{"line":84,"column":52},"end":{"line":84,"column":91}},"type":"cond-expr","locations":[{"start":{"line":84,"column":52},"end":{"line":84,"column":91}},{"start":{"line":84,"column":94},"end":{"line":84,"column":98}}]},"8":{"loc":{"start":{"line":92,"column":8},"end":{"line":98,"column":null}},"type":"if","locations":[{"start":{"line":92,"column":8},"end":{"line":98,"column":null}},{"start":{"line":92,"column":8},"end":{"line":98,"column":null}}]},"9":{"loc":{"start":{"line":100,"column":8},"end":{"line":106,"column":null}},"type":"if","locations":[{"start":{"line":100,"column":8},"end":{"line":106,"column":null}},{"start":{"line":100,"column":8},"end":{"line":106,"column":null}}]},"10":{"loc":{"start":{"line":100,"column":12},"end":{"line":100,"column":27}},"type":"binary-expr","locations":[{"start":{"line":100,"column":12},"end":{"line":100,"column":27}},{"start":{"line":100,"column":31},"end":{"line":100,"column":57}}]},"11":{"loc":{"start":{"line":108,"column":8},"end":{"line":114,"column":null}},"type":"if","locations":[{"start":{"line":108,"column":8},"end":{"line":114,"column":null}},{"start":{"line":108,"column":8},"end":{"line":114,"column":null}}]},"12":{"loc":{"start":{"line":108,"column":12},"end":{"line":108,"column":31}},"type":"binary-expr","locations":[{"start":{"line":108,"column":12},"end":{"line":108,"column":31}},{"start":{"line":108,"column":35},"end":{"line":108,"column":65}}]}},"s":{"0":1,"1":1,"2":1,"3":0,"4":0,"5":0,"6":0,"7":0,"8":0,"9":0,"10":0,"11":0,"12":0,"13":0,"14":0,"15":0,"16":0,"17":0,"18":0,"19":0,"20":0,"21":0,"22":0,"23":0,"24":0,"25":0,"26":0,"27":0,"28":0,"29":0,"30":0,"31":0,"32":0,"33":0,"34":0,"35":0,"36":1,"37":1},"f":{"0":0,"1":0,"2":0,"3":0,"4":0,"5":0,"6":0,"7":0,"8":0,"9":0,"10":0,"11":0,"12":0,"13":0,"14":0,"15":0,"16":0},"b":{"0":[0,0],"1":[0,0],"2":[0,0],"3":[0,0],"4":[0,0],"5":[0,0],"6":[0,0],"7":[0,0],"8":[0,0],"9":[0,0],"10":[0,0],"11":[0,0],"12":[0,0]}}
}
