TN:
SF:src\dal\entities\externalLoginEntity.ts
FN:5,(anonymous_2)
FN:12,(anonymous_3)
FN:29,(anonymous_4)
FNF:3
FNH:1
FNDA:1,(anonymous_2)
FNDA:0,(anonymous_3)
FNDA:0,(anonymous_4)
DA:1,1
DA:3,1
DA:5,1
DA:6,1
DA:7,1
DA:11,1
DA:13,0
DA:14,0
DA:15,0
DA:16,0
DA:17,0
DA:21,1
DA:24,1
DA:27,1
DA:29,0
DA:31,1
DA:34,1
LF:17
LH:11
BRDA:5,0,0,1
BRDA:5,0,1,1
BRF:2
BRH:2
end_of_record
TN:
SF:src\dal\entities\userEntity.ts
FN:5,(anonymous_2)
FNF:1
FNH:0
FNDA:0,(anonymous_2)
DA:1,1
DA:4,1
DA:6,0
DA:7,0
DA:11,1
DA:14,1
LF:6
LH:4
BRF:0
BRH:0
end_of_record
TN:
SF:src\services\externalUserJwtService.ts
FN:23,(anonymous_3)
FN:34,(anonymous_4)
FN:46,(anonymous_5)
FNF:3
FNH:3
FNDA:5,(anonymous_3)
FNDA:1,(anonymous_4)
FNDA:4,(anonymous_5)
DA:1,1
DA:2,1
DA:3,1
DA:5,1
DA:20,1
DA:24,5
DA:25,5
DA:26,0
DA:28,5
DA:29,5
DA:30,0
DA:35,1
DA:43,1
DA:47,4
DA:48,3
DA:49,1
DA:51,2
DA:52,2
DA:55,0
LF:19
LH:16
BRDA:25,0,0,0
BRDA:25,0,1,5
BRDA:29,1,0,0
BRDA:29,1,1,5
BRDA:48,2,0,1
BRDA:48,2,1,2
BRDA:51,3,0,2
BRDA:51,3,1,0
BRF:8
BRH:5
end_of_record
TN:
SF:src\utils\guardClauses.ts
FN:3,guardNotUndefinedOrNull
FNF:1
FNH:1
FNDA:3,guardNotUndefinedOrNull
DA:1,1
DA:3,1
DA:4,3
DA:5,2
LF:4
LH:4
BRDA:4,0,0,2
BRDA:4,0,1,1
BRF:2
BRH:2
end_of_record
TN:
SF:src\utils\timeSpan.ts
FN:2,(anonymous_0)
FN:4,(anonymous_1)
FN:9,(anonymous_2)
FN:14,(anonymous_3)
FN:19,(anonymous_4)
FN:23,(anonymous_5)
FNF:6
FNH:6
FNDA:3,(anonymous_0)
FNDA:6,(anonymous_1)
FNDA:6,(anonymous_2)
FNDA:6,(anonymous_3)
FNDA:3,(anonymous_4)
FNDA:18,(anonymous_5)
DA:1,1
DA:2,3
DA:5,6
DA:6,1
DA:10,6
DA:11,1
DA:15,6
DA:16,1
DA:20,3
DA:24,18
DA:25,15
LF:11
LH:11
BRDA:24,0,0,15
BRDA:24,0,1,3
BRDA:24,1,0,18
BRDA:24,1,1,6
BRF:4
BRH:4
end_of_record
TN:
SF:src\utils\config\env.ts
FN:9,(anonymous_2)
FN:21,(anonymous_3)
FN:25,(anonymous_4)
FN:29,(anonymous_5)
FN:33,(anonymous_6)
FN:37,(anonymous_7)
FN:41,(anonymous_8)
FN:49,(anonymous_9)
FN:53,(anonymous_10)
FN:57,(anonymous_11)
FN:61,(anonymous_12)
FN:65,(anonymous_13)
FN:69,(anonymous_14)
FN:73,(anonymous_15)
FN:77,(anonymous_16)
FN:81,(anonymous_17)
FN:90,(anonymous_18)
FNF:17
FNH:0
FNDA:0,(anonymous_2)
FNDA:0,(anonymous_3)
FNDA:0,(anonymous_4)
FNDA:0,(anonymous_5)
FNDA:0,(anonymous_6)
FNDA:0,(anonymous_7)
FNDA:0,(anonymous_8)
FNDA:0,(anonymous_9)
FNDA:0,(anonymous_10)
FNDA:0,(anonymous_11)
FNDA:0,(anonymous_12)
FNDA:0,(anonymous_13)
FNDA:0,(anonymous_14)
FNDA:0,(anonymous_15)
FNDA:0,(anonymous_16)
FNDA:0,(anonymous_17)
FNDA:0,(anonymous_18)
DA:1,1
DA:2,1
DA:8,1
DA:10,0
DA:11,0
DA:12,0
DA:14,0
DA:15,0
DA:16,0
DA:18,0
DA:22,0
DA:26,0
DA:30,0
DA:34,0
DA:38,0
DA:42,0
DA:43,0
DA:44,0
DA:46,0
DA:50,0
DA:54,0
DA:58,0
DA:62,0
DA:66,0
DA:70,0
DA:74,0
DA:78,0
DA:82,0
DA:91,0
DA:92,0
DA:93,0
DA:100,0
DA:101,0
DA:108,0
DA:109,0
DA:116,0
LF:36
LH:3
BRDA:11,0,0,0
BRDA:11,0,1,0
BRDA:15,1,0,0
BRDA:15,1,1,0
BRDA:30,2,0,0
BRDA:30,2,1,0
BRDA:43,3,0,0
BRDA:43,3,1,0
BRDA:50,4,0,0
BRDA:50,4,1,0
BRDA:62,5,0,0
BRDA:62,5,1,0
BRDA:83,6,0,0
BRDA:83,6,1,0
BRDA:84,7,0,0
BRDA:84,7,1,0
BRDA:92,8,0,0
BRDA:92,8,1,0
BRDA:100,9,0,0
BRDA:100,9,1,0
BRDA:100,10,0,0
BRDA:100,10,1,0
BRDA:108,11,0,0
BRDA:108,11,1,0
BRDA:108,12,0,0
BRDA:108,12,1,0
BRF:26
BRH:0
end_of_record
